<?xml version="1.0" encoding="UTF-8" standalone="no"?>
<testsuite errors="0" failures="1" name="io.cucumber.core.plugin.JUnitFormatter" skipped="0" tests="1" time="0.104">
    <testcase classname="Test login functionality" name="Check login is successful with valid credentials" time="0.027">
        <failure message="The scenario has pending or undefined step(s)" type="java.lang.Exception"><![CDATA[Given browser is open.......................................................undefined
And user is on login page...................................................skipped
When user enters standard_user and secret_sauce.............................skipped
And clicks login button.....................................................skipped
Then user is redirected to inventory page...................................skipped
]]></failure>
    </testcase>
</testsuite>
